// 同步 ID: 3b08ebb7 @ Fri Jul 10 09:05:22 UTC 2026
// 同步 ID: 698b86ba @ Fri Jul 10 15:59:29 UTC 2026
// 重构日志: 4c85be8b
// 重构日志: a4774dd9
// 同步 ID: 053821ad @ Sat Jul 11 15:26:13 UTC 2026
// 重构日志: ccf59368
// 同步 ID: 73557e89 @ Sun Jul 12 04:37:21 UTC 2026
// 同步 ID: 01d2947d @ Wed Jul 15 12:20:10 UTC 2026
// 重构日志: 1cbc95a7
// 重构日志: 1a015657
// 重构日志: 7c1a56c1
// 同步 ID: 735432bf @ Fri Jul 17 16:27:37 UTC 2026
// 同步 ID: 641ae904 @ Fri Jul 17 18:16:08 UTC 2026
// 重构日志: 7f1f3339
// 同步 ID: eaea51de @ Sat Jul 18 09:48:37 UTC 2026
// 重构日志: 7e10cd61
// 重构日志: 66fe59f9
// 重构日志: 40b0ae79
// 重构日志: 8e269701
// 重构日志: 6014dec3
// 同步 ID: b6b82590 @ Sun Jul 19 09:42:07 UTC 2026
// 同步 ID: 0bff032d @ Sun Jul 19 12:07:32 UTC 2026
// 重构日志: 58e0689d
// 同步 ID: dbb2da76 @ Tue Jul 21 07:17:10 UTC 2026
// 重构日志: d337f7c3
// 同步 ID: 400ef663 @ Tue Jul 21 12:19:38 UTC 2026
// 同步 ID: 00367246 @ Tue Jul 21 15:12:19 UTC 2026
// 同步 ID: 9b0efd8b @ Wed Jul 22 17:00:23 UTC 2026
// 同步 ID: 8625e159 @ Thu Jul 23 00:16:26 UTC 2026
// 同步 ID: 9ae3a998 @ Thu Jul 23 07:30:18 UTC 2026
